================================================================================
Bank of Baku Website Scraper - Enhanced v2.0
Optimized for RAG with smart chunking and complete coverage
================================================================================
Initializing Chrome driver...
Chrome driver ready!
Output directory created: scraped_data
Loading checkpoint...
Scraper initialized successfully!

Starting comprehensive crawl...
Features enabled:
  ✓ Sitemap-based discovery
  ✓ Smart content chunking (target: 512 tokens)
  ✓ Duplicate detection
  ✓ Language detection
  ✓ Retry logic for failed pages
  ✓ Checkpoint system for resumption

=== Phase 1: Discovering URLs from sitemap ===
Fetching sitemap from: http://bankofbaku.com/sitemap.xml
Could not fetch sitemap: no element found: line 1, column 0

=== Phase 2: Crawling 1 discovered URLs ===
Already visited: 0
Max pages: 500

[1/1] Scraping: http://bankofbaku.com/az
  ✓ Extracted 0 chunks, 11 links

[2/12] Scraping: http://bankofbaku.com/az/xeberler/bank-of-baku-istiqrazlari-yuksek-telebatla-satildi-601-investor
  ✓ Extracted 1 chunks, 1 links

[3/13] Scraping: https://bankofbaku.com/az/pul-kocurmeleri
  Warning: Page has very little content (0 chars)
  Retrying... (attempt 1/3)
Scraping: https://bankofbaku.com/az/pul-kocurmeleri
  Warning: Page has very little content (0 chars)
  Retrying... (attempt 2/3)
Scraping: https://bankofbaku.com/az/pul-kocurmeleri
  Warning: Page has very little content (0 chars)
  Retrying... (attempt 3/3)
Scraping: https://bankofbaku.com/az/pul-kocurmeleri
  Warning: Page has very little content (0 chars)
  ✓ Extracted 0 chunks, 2 links

[4/15] Scraping: http://bankofbaku.com/az/emanetler
  Warning: Page has very little content (97 chars)
  Retrying... (attempt 1/3)
Scraping: http://bankofbaku.com/az/emanetler
  Warning: Page has very little content (97 chars)
  Retrying... (attempt 2/3)
Scraping: http://bankofbaku.com/az/emanetler
  Warning: Page has very little content (97 chars)
  Retrying... (attempt 3/3)
Scraping: http://bankofbaku.com/az/emanetler
  Warning: Page has very little content (97 chars)
  ✓ Extracted 0 chunks, 2 links

[5/17] Scraping: http://bankofbaku.com/az/kartlar/debet
  Warning: Page has very little content (55 chars)
  Retrying... (attempt 1/3)
Scraping: http://bankofbaku.com/az/kartlar/debet
  Warning: Page has very little content (55 chars)
  Retrying... (attempt 2/3)
Scraping: http://bankofbaku.com/az/kartlar/debet
  Warning: Page has very little content (55 chars)
  Retrying... (attempt 3/3)
Scraping: http://bankofbaku.com/az/kartlar/debet
  Warning: Page has very little content (55 chars)
  ✓ Extracted 0 chunks, 8 links

[6/25] Scraping: http://bankofbaku.com/az/xeberler
  Warning: Page has very little content (0 chars)
  Retrying... (attempt 1/3)
Scraping: http://bankofbaku.com/az/xeberler
  Warning: Page has very little content (0 chars)
  Retrying... (attempt 2/3)
Scraping: http://bankofbaku.com/az/xeberler
  Warning: Page has very little content (0 chars)
  Retrying... (attempt 3/3)
Scraping: http://bankofbaku.com/az/xeberler
  Warning: Page has very little content (0 chars)
  Skipping duplicate content

[7/25] Scraping: http://bankofbaku.com/az/sorgular/maas-karti
  Warning: Page has very little content (0 chars)
  Retrying... (attempt 1/3)
Scraping: http://bankofbaku.com/az/sorgular/maas-karti
  Warning: Page has very little content (0 chars)
  Retrying... (attempt 2/3)
Scraping: http://bankofbaku.com/az/sorgular/maas-karti
  Warning: Page has very little content (0 chars)
  Retrying... (attempt 3/3)
Scraping: http://bankofbaku.com/az/sorgular/maas-karti
  Warning: Page has very little content (0 chars)
  Skipping duplicate content

[8/25] Scraping: http://bankofbaku.com/az/kartlar/debet/maas-karti
  ✓ Extracted 0 chunks, 9 links

[9/32] Scraping: http://bankofbaku.com/az/kartlar/debet/103
  Warning: Page has very little content (94 chars)
  Retrying... (attempt 1/3)
Scraping: http://bankofbaku.com/az/kartlar/debet/103
  Warning: Page has very little content (94 chars)
  Retrying... (attempt 2/3)
Scraping: http://bankofbaku.com/az/kartlar/debet/103
  Warning: Page has very little content (94 chars)
  Retrying... (attempt 3/3)
Scraping: http://bankofbaku.com/az/kartlar/debet/103
  Warning: Page has very little content (94 chars)
  ✓ Extracted 0 chunks, 10 links

[10/33] Scraping: https://bankofbaku.com/az/pul-kocurmeleri/western-union
  Warning: Page has very little content (56 chars)
  Retrying... (attempt 1/3)
Scraping: https://bankofbaku.com/az/pul-kocurmeleri/western-union
  Warning: Page has very little content (56 chars)
  Retrying... (attempt 2/3)
Scraping: https://bankofbaku.com/az/pul-kocurmeleri/western-union
  Warning: Page has very little content (56 chars)
  Retrying... (attempt 3/3)
Scraping: https://bankofbaku.com/az/pul-kocurmeleri/western-union
  Warning: Page has very little content (56 chars)
  ✓ Extracted 0 chunks, 1 links

[11/33] Scraping: http://bankofbaku.com/az/xeberler/bank-of-baku-dan-sehiyye-tibb-iscileri-ucun-50000-azndek-komissiyasiz-kredit
  ✓ Extracted 1 chunks, 1 links

[12/33] Scraping: http://bankofbaku.com/az/kartlar/debet/116
  Warning: Page has very little content (94 chars)
  Retrying... (attempt 1/3)
Scraping: http://bankofbaku.com/az/kartlar/debet/116
  Warning: Page has very little content (94 chars)
  Retrying... (attempt 2/3)
Scraping: http://bankofbaku.com/az/kartlar/debet/116
  Warning: Page has very little content (94 chars)
  Retrying... (attempt 3/3)
Scraping: http://bankofbaku.com/az/kartlar/debet/116
  Warning: Page has very little content (94 chars)
  Skipping duplicate content

[13/33] Scraping: http://bankofbaku.com/az/kartlar/debet/qizil-kart
  Skipping duplicate content

[14/33] Scraping: http://bankofbaku.com/az/kartlar/debet/115
  Warning: Page has very little content (94 chars)
  Retrying... (attempt 1/3)
Scraping: http://bankofbaku.com/az/kartlar/debet/115
  Warning: Page has very little content (94 chars)
  Retrying... (attempt 2/3)
Scraping: http://bankofbaku.com/az/kartlar/debet/115
  Warning: Page has very little content (94 chars)
  Retrying... (attempt 3/3)
Scraping: http://bankofbaku.com/az/kartlar/debet/115
  Warning: Page has very little content (94 chars)
  Skipping duplicate content

[15/33] Scraping: http://bankofbaku.com/az/sorgular/bolkart-platinum-debet
  Warning: Page has very little content (0 chars)
  Retrying... (attempt 1/3)
Scraping: http://bankofbaku.com/az/sorgular/bolkart-platinum-debet
  Warning: Page has very little content (0 chars)
  Retrying... (attempt 2/3)
Scraping: http://bankofbaku.com/az/sorgular/bolkart-platinum-debet
  Warning: Page has very little content (0 chars)
  Retrying... (attempt 3/3)
Scraping: http://bankofbaku.com/az/sorgular/bolkart-platinum-debet
  Warning: Page has very little content (0 chars)
  Skipping duplicate content

[16/33] Scraping: http://bankofbaku.com/az/kartlar/debet/113
  Warning: Page has very little content (94 chars)
  Retrying... (attempt 1/3)
Scraping: http://bankofbaku.com/az/kartlar/debet/113
  Warning: Page has very little content (94 chars)
  Retrying... (attempt 2/3)
Scraping: http://bankofbaku.com/az/kartlar/debet/113
  Warning: Page has very little content (94 chars)
  Retrying... (attempt 3/3)
Scraping: http://bankofbaku.com/az/kartlar/debet/113
  Warning: Page has very little content (94 chars)
  Skipping duplicate content

[17/33] Scraping: http://bankofbaku.com/az/xeberler/maliyye-savadliligi-her-yasda-onemlidir-bank-of-baku-dan-telim
  ✓ Extracted 1 chunks, 1 links
Progress saved: 10 pages

  Progress saved: 10 pages scraped, 16 remaining

  Preventive Chrome restart after 10 pages...
  Restarting Chrome driver...
  ✓ Chrome driver restarted

[18/33] Scraping: http://bankofbaku.com/az/xeberler/bank-baku-dan-kapital-bazarinda-yeni-addim-40-milyonluq-istiqraz
  ✓ Extracted 1 chunks, 1 links

[19/33] Scraping: http://bankofbaku.com/az/diger-xidmetler/kart-emeliyyatlari
  Warning: Page has very little content (0 chars)
  Retrying... (attempt 1/3)
Scraping: http://bankofbaku.com/az/diger-xidmetler/kart-emeliyyatlari
  Warning: Page has very little content (0 chars)
  Retrying... (attempt 2/3)
Scraping: http://bankofbaku.com/az/diger-xidmetler/kart-emeliyyatlari
  Warning: Page has very little content (0 chars)
  Retrying... (attempt 3/3)
Scraping: http://bankofbaku.com/az/diger-xidmetler/kart-emeliyyatlari
  Warning: Page has very little content (0 chars)
  Skipping duplicate content

[20/33] Scraping: http://bankofbaku.com/az/kartlar/debet/121
  Warning: Page has very little content (94 chars)
  Retrying... (attempt 1/3)
Scraping: http://bankofbaku.com/az/kartlar/debet/121
  Warning: Page has very little content (94 chars)
  Retrying... (attempt 2/3)
Scraping: http://bankofbaku.com/az/kartlar/debet/121
  Warning: Page has very little content (94 chars)
  Retrying... (attempt 3/3)
Scraping: http://bankofbaku.com/az/kartlar/debet/121
  Warning: Page has very little content (94 chars)
  Skipping duplicate content

[21/33] Scraping: http://bankofbaku.com/az/kartlar/debet/120
  Warning: Page has very little content (94 chars)
  Retrying... (attempt 1/3)
Scraping: http://bankofbaku.com/az/kartlar/debet/120
  Warning: Page has very little content (94 chars)
  Retrying... (attempt 2/3)
Scraping: http://bankofbaku.com/az/kartlar/debet/120
  Warning: Page has very little content (94 chars)
  Retrying... (attempt 3/3)
Scraping: http://bankofbaku.com/az/kartlar/debet/120
  Warning: Page has very little content (94 chars)
  Skipping duplicate content

[22/33] Scraping: http://bankofbaku.com/az/kartlar/debet/114
  Warning: Page has very little content (94 chars)
  Retrying... (attempt 1/3)
Scraping: http://bankofbaku.com/az/kartlar/debet/114
  Warning: Page has very little content (94 chars)
  Retrying... (attempt 2/3)
Scraping: http://bankofbaku.com/az/kartlar/debet/114
  Warning: Page has very little content (94 chars)
  Retrying... (attempt 3/3)
Scraping: http://bankofbaku.com/az/kartlar/debet/114
  Warning: Page has very little content (94 chars)
  Skipping duplicate content

[23/33] Scraping: http://bankofbaku.com/az/kartlar/debet/157
  Warning: Page has very little content (94 chars)
  Retrying... (attempt 1/3)
Scraping: http://bankofbaku.com/az/kartlar/debet/157
  Warning: Page has very little content (94 chars)
  Retrying... (attempt 2/3)
Scraping: http://bankofbaku.com/az/kartlar/debet/157
  Warning: Page has very little content (94 chars)
  Retrying... (attempt 3/3)
Scraping: http://bankofbaku.com/az/kartlar/debet/157
  Warning: Page has very little content (94 chars)
  Skipping duplicate content

[24/33] Scraping: http://bankofbaku.com/az/kartlar/debet/158-
  Warning: Page has very little content (94 chars)
  Retrying... (attempt 1/3)
Scraping: http://bankofbaku.com/az/kartlar/debet/158-
  Warning: Page has very little content (94 chars)
  Retrying... (attempt 2/3)
Scraping: http://bankofbaku.com/az/kartlar/debet/158-
  Warning: Page has very little content (94 chars)
  Retrying... (attempt 3/3)
Scraping: http://bankofbaku.com/az/kartlar/debet/158-
  Warning: Page has very little content (94 chars)
  Skipping duplicate content

[25/33] Scraping: http://bankofbaku.com/az/kreditler/kredit-kartlari
  ✓ Extracted 0 chunks, 6 links

[26/39] Scraping: http://bankofbaku.com/az/emanetler/bank-seyfleri
  Warning: Page has very little content (97 chars)
  Retrying... (attempt 1/3)
Scraping: http://bankofbaku.com/az/emanetler/bank-seyfleri
  Warning: Page has very little content (97 chars)
  Retrying... (attempt 2/3)
Scraping: http://bankofbaku.com/az/emanetler/bank-seyfleri
  Warning: Page has very little content (97 chars)
  Retrying... (attempt 3/3)
Scraping: http://bankofbaku.com/az/emanetler/bank-seyfleri
  Warning: Page has very little content (97 chars)
  ✓ Extracted 0 chunks, 1 links

[27/39] Scraping: http://bankofbaku.com/az/onlayn-xidmetler
  ✓ Extracted 0 chunks, 3 links

[28/42] Scraping: https://bankofbaku.com/az/pul-kocurmeleri/upt-tos
  Warning: Page has very little content (97 chars)
  Retrying... (attempt 1/3)
Scraping: https://bankofbaku.com/az/pul-kocurmeleri/upt-tos
  Warning: Page has very little content (97 chars)
  Retrying... (attempt 2/3)
Scraping: https://bankofbaku.com/az/pul-kocurmeleri/upt-tos
  Warning: Page has very little content (97 chars)
  Retrying... (attempt 3/3)
Scraping: https://bankofbaku.com/az/pul-kocurmeleri/upt-tos
  Warning: Page has very little content (97 chars)
  ✓ Extracted 0 chunks, 1 links

[29/42] Scraping: http://bankofbaku.com/az/xeberler/bank-of-baku-dostbank-tetbiqi-ile-yasat-fonduna-ianeye-5faiz-kesbek
  ✓ Extracted 1 chunks, 1 links

[30/42] Scraping: http://bankofbaku.com/az/xeberler/bank-of-baku-istiqrazlarini-alin-illik-13-faiz-gelir-qazanin-istediyiniz-vaxt-satin
  ✓ Extracted 1 chunks, 1 links

[31/42] Scraping: http://bankofbaku.com/az/kartlar/debet/bolkart-platinum-debet
  Skipping duplicate content

[32/42] Scraping: http://bankofbaku.com/az/emanetler/dinamik-emanet
  Warning: Page has very little content (41 chars)
  Retrying... (attempt 1/3)
Scraping: http://bankofbaku.com/az/emanetler/dinamik-emanet
  Warning: Page has very little content (41 chars)
  Retrying... (attempt 2/3)
Scraping: http://bankofbaku.com/az/emanetler/dinamik-emanet
  Warning: Page has very little content (41 chars)
  Retrying... (attempt 3/3)
Scraping: http://bankofbaku.com/az/emanetler/dinamik-emanet
  Warning: Page has very little content (41 chars)
  ✓ Extracted 0 chunks, 1 links

[33/42] Scraping: http://bankofbaku.com/az/onlayn-xidmetler/cari-hesab
  Warning: Page has very little content (0 chars)
  Retrying... (attempt 1/3)
Scraping: http://bankofbaku.com/az/onlayn-xidmetler/cari-hesab
  Warning: Page has very little content (0 chars)
  Retrying... (attempt 2/3)
Scraping: http://bankofbaku.com/az/onlayn-xidmetler/cari-hesab
  Warning: Page has very little content (0 chars)
  Retrying... (attempt 3/3)
Scraping: http://bankofbaku.com/az/onlayn-xidmetler/cari-hesab
  Warning: Page has very little content (0 chars)
  Skipping duplicate content

[34/42] Scraping: http://bankofbaku.com/az/kartlar/debet/107
  Warning: Page has very little content (94 chars)
  Retrying... (attempt 1/3)
Scraping: http://bankofbaku.com/az/kartlar/debet/107
  Warning: Page has very little content (94 chars)
  Retrying... (attempt 2/3)
Scraping: http://bankofbaku.com/az/kartlar/debet/107
  Warning: Page has very little content (94 chars)
  Retrying... (attempt 3/3)
Scraping: http://bankofbaku.com/az/kartlar/debet/107
  Warning: Page has very little content (94 chars)
  Skipping duplicate content

[35/42] Scraping: http://bankofbaku.com/az/kreditler/kredit-kartlari/107
  Warning: Page has very little content (94 chars)
  Retrying... (attempt 1/3)
Scraping: http://bankofbaku.com/az/kreditler/kredit-kartlari/107
  Warning: Page has very little content (94 chars)
  Retrying... (attempt 2/3)
Scraping: http://bankofbaku.com/az/kreditler/kredit-kartlari/107
  Warning: Page has very little content (94 chars)
  Retrying... (attempt 3/3)
Scraping: http://bankofbaku.com/az/kreditler/kredit-kartlari/107
  Warning: Page has very little content (94 chars)
  Skipping duplicate content

[36/42] Scraping: http://bankofbaku.com/az/kreditler/kredit-kartlari/158
  Warning: Page has very little content (86 chars)
  Retrying... (attempt 1/3)
Scraping: http://bankofbaku.com/az/kreditler/kredit-kartlari/158
  Warning: Page has very little content (86 chars)
  Retrying... (attempt 2/3)
Scraping: http://bankofbaku.com/az/kreditler/kredit-kartlari/158
  Warning: Page has very little content (86 chars)
  Retrying... (attempt 3/3)
Scraping: http://bankofbaku.com/az/kreditler/kredit-kartlari/158
  Warning: Page has very little content (86 chars)
  ✓ Extracted 0 chunks, 11 links

[37/52] Scraping: http://bankofbaku.com/az/kartlar/lokal/116
  Warning: Page has very little content (94 chars)
  Retrying... (attempt 1/3)
Scraping: http://bankofbaku.com/az/kartlar/lokal/116
  Warning: Page has very little content (94 chars)
  Retrying... (attempt 2/3)
Scraping: http://bankofbaku.com/az/kartlar/lokal/116
  Warning: Page has very little content (94 chars)
  Retrying... (attempt 3/3)
Scraping: http://bankofbaku.com/az/kartlar/lokal/116
  Warning: Page has very little content (94 chars)
  Skipping duplicate content

[38/52] Scraping: http://bankofbaku.com/az/onlayn-xidmetler/internet-bankciliq
  Warning: Page has very little content (0 chars)
  Retrying... (attempt 1/3)
Scraping: http://bankofbaku.com/az/onlayn-xidmetler/internet-bankciliq
  Warning: Page has very little content (0 chars)
  Retrying... (attempt 2/3)
Scraping: http://bankofbaku.com/az/onlayn-xidmetler/internet-bankciliq
  Warning: Page has very little content (0 chars)
  Retrying... (attempt 3/3)
Scraping: http://bankofbaku.com/az/onlayn-xidmetler/internet-bankciliq
  Warning: Page has very little content (0 chars)
  Skipping duplicate content

[39/52] Scraping: http://bankofbaku.com/az/kreditler/kredit-kartlari/pensiyacilara-ozel-kredit
  Warning: Page has very little content (86 chars)
  Retrying... (attempt 1/3)
Scraping: http://bankofbaku.com/az/kreditler/kredit-kartlari/pensiyacilara-ozel-kredit
  Warning: Page has very little content (86 chars)
  Retrying... (attempt 2/3)
Scraping: http://bankofbaku.com/az/kreditler/kredit-kartlari/pensiyacilara-ozel-kredit
  Warning: Page has very little content (86 chars)
  Retrying... (attempt 3/3)
Scraping: http://bankofbaku.com/az/kreditler/kredit-kartlari/pensiyacilara-ozel-kredit
  Warning: Page has very little content (86 chars)
  ✓ Extracted 0 chunks, 10 links
Progress saved: 20 pages

  Progress saved: 20 pages scraped, 23 remaining

  Preventive Chrome restart after 10 pages...
  Restarting Chrome driver...
  ✓ Chrome driver restarted

[40/62] Scraping: http://bankofbaku.com/az/kartlar/lokal/120
  Warning: Page has very little content (94 chars)
  Retrying... (attempt 1/3)
Scraping: http://bankofbaku.com/az/kartlar/lokal/120
  Warning: Page has very little content (94 chars)
  Retrying... (attempt 2/3)
Scraping: http://bankofbaku.com/az/kartlar/lokal/120
  Warning: Page has very little content (94 chars)
  Retrying... (attempt 3/3)
Scraping: http://bankofbaku.com/az/kartlar/lokal/120
  Warning: Page has very little content (94 chars)
  Skipping duplicate content
Progress saved: 20 pages

  Progress saved: 20 pages scraped, 22 remaining

[41/62] Scraping: http://bankofbaku.com/az/kreditler/kredit-kartlari/tehsil-iscilerine-ozel-kredit
  Warning: Page has very little content (86 chars)
  Retrying... (attempt 1/3)
Scraping: http://bankofbaku.com/az/kreditler/kredit-kartlari/tehsil-iscilerine-ozel-kredit
  Warning: Page has very little content (86 chars)
  Retrying... (attempt 2/3)
Scraping: http://bankofbaku.com/az/kreditler/kredit-kartlari/tehsil-iscilerine-ozel-kredit
  Warning: Page has very little content (86 chars)
  Retrying... (attempt 3/3)
Scraping: http://bankofbaku.com/az/kreditler/kredit-kartlari/tehsil-iscilerine-ozel-kredit
  Warning: Page has very little content (86 chars)
  Skipping duplicate content
Progress saved: 20 pages

  Progress saved: 20 pages scraped, 21 remaining

[42/62] Scraping: http://bankofbaku.com/az/kreditler/kredit-kartlari/146
  Warning: Page has very little content (86 chars)
  Retrying... (attempt 1/3)
Scraping: http://bankofbaku.com/az/kreditler/kredit-kartlari/146
  Warning: Page has very little content (86 chars)
  Retrying... (attempt 2/3)
Scraping: http://bankofbaku.com/az/kreditler/kredit-kartlari/146
  Warning: Page has very little content (86 chars)
  Retrying... (attempt 3/3)
Scraping: http://bankofbaku.com/az/kreditler/kredit-kartlari/146
  Warning: Page has very little content (86 chars)
  Skipping duplicate content
Progress saved: 20 pages

  Progress saved: 20 pages scraped, 20 remaining

[43/62] Scraping: http://bankofbaku.com/az/kreditler/kampaniyalar/148
  Warning: Page has very little content (86 chars)
  Retrying... (attempt 1/3)
Scraping: http://bankofbaku.com/az/kreditler/kampaniyalar/148
  Warning: Page has very little content (86 chars)
  Retrying... (attempt 2/3)
Scraping: http://bankofbaku.com/az/kreditler/kampaniyalar/148
  Warning: Page has very little content (86 chars)
  Retrying... (attempt 3/3)
Scraping: http://bankofbaku.com/az/kreditler/kampaniyalar/148
  Warning: Page has very little content (86 chars)
  Skipping duplicate content
Progress saved: 20 pages

  Progress saved: 20 pages scraped, 19 remaining

[44/62] Scraping: http://bankofbaku.com/az/onlayn-xidmetler/dostbank-mobil-bankciliq
  Warning: Page has very little content (0 chars)
  Retrying... (attempt 1/3)
Scraping: http://bankofbaku.com/az/onlayn-xidmetler/dostbank-mobil-bankciliq
  Warning: Page has very little content (0 chars)
  Retrying... (attempt 2/3)
Scraping: http://bankofbaku.com/az/onlayn-xidmetler/dostbank-mobil-bankciliq
  Warning: Page has very little content (0 chars)
  Retrying... (attempt 3/3)
Scraping: http://bankofbaku.com/az/onlayn-xidmetler/dostbank-mobil-bankciliq
  Warning: Page has very little content (0 chars)
  Skipping duplicate content
Progress saved: 20 pages

  Progress saved: 20 pages scraped, 18 remaining

[45/62] Scraping: http://bankofbaku.com/az/kreditler/kredit-kartlari/neft-iscilerine-ozel-kredit
  Warning: Page has very little content (86 chars)
  Retrying... (attempt 1/3)
Scraping: http://bankofbaku.com/az/kreditler/kredit-kartlari/neft-iscilerine-ozel-kredit
  Warning: Page has very little content (86 chars)
  Retrying... (attempt 2/3)
Scraping: http://bankofbaku.com/az/kreditler/kredit-kartlari/neft-iscilerine-ozel-kredit
  Warning: Page has very little content (86 chars)
  Retrying... (attempt 3/3)
Scraping: http://bankofbaku.com/az/kreditler/kredit-kartlari/neft-iscilerine-ozel-kredit
  Warning: Page has very little content (86 chars)
  Skipping duplicate content
Progress saved: 20 pages

  Progress saved: 20 pages scraped, 17 remaining

[46/62] Scraping: http://bankofbaku.com/az/kreditler/kredit-kartlari/147
  Warning: Page has very little content (86 chars)
  Retrying... (attempt 1/3)
Scraping: http://bankofbaku.com/az/kreditler/kredit-kartlari/147
  Warning: Page has very little content (86 chars)
  Retrying... (attempt 2/3)
Scraping: http://bankofbaku.com/az/kreditler/kredit-kartlari/147
  Warning: Page has very little content (86 chars)
  Retrying... (attempt 3/3)
Scraping: http://bankofbaku.com/az/kreditler/kredit-kartlari/147
  Warning: Page has very little content (86 chars)
  Skipping duplicate content
Progress saved: 20 pages

  Progress saved: 20 pages scraped, 16 remaining

[47/62] Scraping: http://bankofbaku.com/az/kreditler/kampaniyalar/146
  Warning: Page has very little content (86 chars)
  Retrying... (attempt 1/3)
Scraping: http://bankofbaku.com/az/kreditler/kampaniyalar/146
  Warning: Page has very little content (86 chars)
  Retrying... (attempt 2/3)
Scraping: http://bankofbaku.com/az/kreditler/kampaniyalar/146
  Warning: Page has very little content (86 chars)
  Retrying... (attempt 3/3)
Scraping: http://bankofbaku.com/az/kreditler/kampaniyalar/146
  Warning: Page has very little content (86 chars)
  Skipping duplicate content
Progress saved: 20 pages

  Progress saved: 20 pages scraped, 15 remaining

[48/62] Scraping: http://bankofbaku.com/az/kreditler/kampaniyalar/132
  Warning: Page has very little content (86 chars)
  Retrying... (attempt 1/3)
Scraping: http://bankofbaku.com/az/kreditler/kampaniyalar/132
  Warning: Page has very little content (86 chars)
  Retrying... (attempt 2/3)
Scraping: http://bankofbaku.com/az/kreditler/kampaniyalar/132
  Warning: Page has very little content (86 chars)
  Retrying... (attempt 3/3)
Scraping: http://bankofbaku.com/az/kreditler/kampaniyalar/132
  Warning: Page has very little content (86 chars)
  Skipping duplicate content
Progress saved: 20 pages

  Progress saved: 20 pages scraped, 14 remaining

[49/62] Scraping: http://bankofbaku.com/az/kreditler/kampaniyalar/336
  Warning: Page has very little content (86 chars)
  Retrying... (attempt 1/3)
Scraping: http://bankofbaku.com/az/kreditler/kampaniyalar/336
  Warning: Page has very little content (86 chars)
  Retrying... (attempt 2/3)
Scraping: http://bankofbaku.com/az/kreditler/kampaniyalar/336
  Warning: Page has very little content (86 chars)
  Retrying... (attempt 3/3)
Scraping: http://bankofbaku.com/az/kreditler/kampaniyalar/336
  Warning: Page has very little content (86 chars)
  Skipping duplicate content
Progress saved: 20 pages

  Progress saved: 20 pages scraped, 13 remaining

[50/62] Scraping: http://bankofbaku.com/az/kartlar/lokal/121
  Warning: Page has very little content (94 chars)
  Retrying... (attempt 1/3)
Scraping: http://bankofbaku.com/az/kartlar/lokal/121
  Warning: Page has very little content (94 chars)
  Retrying... (attempt 2/3)
Scraping: http://bankofbaku.com/az/kartlar/lokal/121
  Warning: Page has very little content (94 chars)
  Retrying... (attempt 3/3)
Scraping: http://bankofbaku.com/az/kartlar/lokal/121
  Warning: Page has very little content (94 chars)
  Skipping duplicate content
Progress saved: 20 pages

  Progress saved: 20 pages scraped, 12 remaining

[51/62] Scraping: http://bankofbaku.com/az/kreditler/kredit-kartlari/148
  Warning: Page has very little content (86 chars)
  Retrying... (attempt 1/3)
Scraping: http://bankofbaku.com/az/kreditler/kredit-kartlari/148
  Warning: Page has very little content (86 chars)
  Retrying... (attempt 2/3)
Scraping: http://bankofbaku.com/az/kreditler/kredit-kartlari/148
  Warning: Page has very little content (86 chars)
  Retrying... (attempt 3/3)
Scraping: http://bankofbaku.com/az/kreditler/kredit-kartlari/148
  Warning: Page has very little content (86 chars)
  Skipping duplicate content
Progress saved: 20 pages

  Progress saved: 20 pages scraped, 11 remaining

[52/62] Scraping: http://bankofbaku.com/az/kreditler/kampaniyalar/147
  Warning: Page has very little content (86 chars)
  Retrying... (attempt 1/3)
Scraping: http://bankofbaku.com/az/kreditler/kampaniyalar/147
  Warning: Page has very little content (86 chars)
  Retrying... (attempt 2/3)
Scraping: http://bankofbaku.com/az/kreditler/kampaniyalar/147
  Warning: Page has very little content (86 chars)
  Retrying... (attempt 3/3)
Scraping: http://bankofbaku.com/az/kreditler/kampaniyalar/147
  Warning: Page has very little content (86 chars)
  Skipping duplicate content
Progress saved: 20 pages

  Progress saved: 20 pages scraped, 10 remaining

[53/62] Scraping: http://bankofbaku.com/az/kreditler/kredit-kartlari/cox-al-az-ode
  Warning: Page has very little content (86 chars)
  Retrying... (attempt 1/3)
Scraping: http://bankofbaku.com/az/kreditler/kredit-kartlari/cox-al-az-ode
  Warning: Page has very little content (86 chars)
  Retrying... (attempt 2/3)
Scraping: http://bankofbaku.com/az/kreditler/kredit-kartlari/cox-al-az-ode
  Warning: Page has very little content (86 chars)
  Retrying... (attempt 3/3)
Scraping: http://bankofbaku.com/az/kreditler/kredit-kartlari/cox-al-az-ode
  Warning: Page has very little content (86 chars)
  Skipping duplicate content
Progress saved: 20 pages

  Progress saved: 20 pages scraped, 9 remaining

[54/62] Scraping: http://bankofbaku.com/az/kreditler/kredit-kartlari/336
  Warning: Page has very little content (86 chars)
  Retrying... (attempt 1/3)
Scraping: http://bankofbaku.com/az/kreditler/kredit-kartlari/336
  Warning: Page has very little content (86 chars)
  Retrying... (attempt 2/3)
Scraping: http://bankofbaku.com/az/kreditler/kredit-kartlari/336
  Warning: Page has very little content (86 chars)
  Retrying... (attempt 3/3)
Scraping: http://bankofbaku.com/az/kreditler/kredit-kartlari/336
  Warning: Page has very little content (86 chars)
  Skipping duplicate content
Progress saved: 20 pages

  Progress saved: 20 pages scraped, 8 remaining

[55/62] Scraping: http://bankofbaku.com/az/kreditler/kampaniyalar/cox-al-az-ode
  Warning: Page has very little content (86 chars)
  Retrying... (attempt 1/3)
Scraping: http://bankofbaku.com/az/kreditler/kampaniyalar/cox-al-az-ode
  Warning: Page has very little content (86 chars)
  Retrying... (attempt 2/3)
Scraping: http://bankofbaku.com/az/kreditler/kampaniyalar/cox-al-az-ode
  Warning: Page has very little content (86 chars)
  Retrying... (attempt 3/3)
Scraping: http://bankofbaku.com/az/kreditler/kampaniyalar/cox-al-az-ode
  Warning: Page has very little content (86 chars)
  Skipping duplicate content
Progress saved: 20 pages

  Progress saved: 20 pages scraped, 7 remaining

[56/62] Scraping: http://bankofbaku.com/az/kreditler/kredit-kartlari/157
  Warning: Page has very little content (94 chars)
  Retrying... (attempt 1/3)
Scraping: http://bankofbaku.com/az/kreditler/kredit-kartlari/157
  Warning: Page has very little content (94 chars)
  Retrying... (attempt 2/3)
Scraping: http://bankofbaku.com/az/kreditler/kredit-kartlari/157
  Warning: Page has very little content (94 chars)
  Retrying... (attempt 3/3)
Scraping: http://bankofbaku.com/az/kreditler/kredit-kartlari/157
  Warning: Page has very little content (94 chars)
  Skipping duplicate content
Progress saved: 20 pages

  Progress saved: 20 pages scraped, 6 remaining

[57/62] Scraping: http://bankofbaku.com/az/kreditler/kampaniyalar/tehsil-iscilerine-ozel-kredit
  Warning: Page has very little content (86 chars)
  Retrying... (attempt 1/3)
Scraping: http://bankofbaku.com/az/kreditler/kampaniyalar/tehsil-iscilerine-ozel-kredit
  Warning: Page has very little content (86 chars)
  Retrying... (attempt 2/3)
Scraping: http://bankofbaku.com/az/kreditler/kampaniyalar/tehsil-iscilerine-ozel-kredit
  Warning: Page has very little content (86 chars)
  Retrying... (attempt 3/3)
Scraping: http://bankofbaku.com/az/kreditler/kampaniyalar/tehsil-iscilerine-ozel-kredit
  Warning: Page has very little content (86 chars)
  Skipping duplicate content
Progress saved: 20 pages

  Progress saved: 20 pages scraped, 5 remaining

[58/62] Scraping: http://bankofbaku.com/az/kreditler/kampaniyalar/130
  Warning: Page has very little content (86 chars)
  Retrying... (attempt 1/3)
Scraping: http://bankofbaku.com/az/kreditler/kampaniyalar/130
  Warning: Page has very little content (86 chars)
  Retrying... (attempt 2/3)
Scraping: http://bankofbaku.com/az/kreditler/kampaniyalar/130
  Warning: Page has very little content (86 chars)
  Retrying... (attempt 3/3)
Scraping: http://bankofbaku.com/az/kreditler/kampaniyalar/130
  Warning: Page has very little content (86 chars)
  Skipping duplicate content
Progress saved: 20 pages

  Progress saved: 20 pages scraped, 4 remaining

[59/62] Scraping: http://bankofbaku.com/az/kreditler/kredit-kartlari/340
  Warning: Page has very little content (86 chars)
  Retrying... (attempt 1/3)
Scraping: http://bankofbaku.com/az/kreditler/kredit-kartlari/340
  Warning: Page has very little content (86 chars)
  Retrying... (attempt 2/3)
Scraping: http://bankofbaku.com/az/kreditler/kredit-kartlari/340
  Warning: Page has very little content (86 chars)
  Retrying... (attempt 3/3)
Scraping: http://bankofbaku.com/az/kreditler/kredit-kartlari/340
  Warning: Page has very little content (86 chars)
  Skipping duplicate content
Progress saved: 20 pages

  Progress saved: 20 pages scraped, 3 remaining

[60/62] Scraping: http://bankofbaku.com/az/kreditler/kampaniyalar/neft-iscilerine-ozel-kredit
  Warning: Page has very little content (86 chars)
  Retrying... (attempt 1/3)
Scraping: http://bankofbaku.com/az/kreditler/kampaniyalar/neft-iscilerine-ozel-kredit
  Warning: Page has very little content (86 chars)
  Retrying... (attempt 2/3)
Scraping: http://bankofbaku.com/az/kreditler/kampaniyalar/neft-iscilerine-ozel-kredit
  Warning: Page has very little content (86 chars)
  Retrying... (attempt 3/3)
Scraping: http://bankofbaku.com/az/kreditler/kampaniyalar/neft-iscilerine-ozel-kredit
  Warning: Page has very little content (86 chars)
  Skipping duplicate content
Progress saved: 20 pages

  Progress saved: 20 pages scraped, 2 remaining

[61/62] Scraping: http://bankofbaku.com/az/kreditler/kampaniyalar/340
  Warning: Page has very little content (86 chars)
  Retrying... (attempt 1/3)
Scraping: http://bankofbaku.com/az/kreditler/kampaniyalar/340
  Warning: Page has very little content (86 chars)
  Retrying... (attempt 2/3)
Scraping: http://bankofbaku.com/az/kreditler/kampaniyalar/340
  Warning: Page has very little content (86 chars)
  Retrying... (attempt 3/3)
Scraping: http://bankofbaku.com/az/kreditler/kampaniyalar/340
  Warning: Page has very little content (86 chars)
  Skipping duplicate content
Progress saved: 20 pages

  Progress saved: 20 pages scraped, 1 remaining

[62/62] Scraping: http://bankofbaku.com/az/kreditler/kredit-kartlari/130
  Warning: Page has very little content (86 chars)
  Retrying... (attempt 1/3)
Scraping: http://bankofbaku.com/az/kreditler/kredit-kartlari/130
  Warning: Page has very little content (86 chars)
  Retrying... (attempt 2/3)
Scraping: http://bankofbaku.com/az/kreditler/kredit-kartlari/130
  Warning: Page has very little content (86 chars)
  Retrying... (attempt 3/3)
Scraping: http://bankofbaku.com/az/kreditler/kredit-kartlari/130
  Warning: Page has very little content (86 chars)
  Skipping duplicate content
Progress saved: 20 pages

  Progress saved: 20 pages scraped, 0 remaining


================================================================================
Crawling complete!
================================================================================
Pages scraped: 20
Pages visited: 62
Pages discovered: 61
Failed URLs: 0
Coverage: 101.6%
Closing browser...

Saving data for RAG application...

Saving data in RAG-optimized formats...

================================================================================
✓ Data saved to scraped_data/
================================================================================
  - Full JSON: bank_of_baku_rag.json
  - RAG Chunks: bank_of_baku_chunks.json
  - JSONL Chunks: bank_of_baku_chunks.jsonl
  - By Category: chunks_by_category/
  - Individual files: text_files/
  - Combined text: bank_of_baku_combined.txt
  - Metadata: metadata.json

================================================================================
STATISTICS
================================================================================
Total pages: 20
Total chunks: 6
Total words: 1,409
Total tokens: 1,393
Avg tokens/chunk: 232.17
Coverage: 101.6%

By Category:
  - xeberler: 6 pages, 6 chunks
  - pul-kocurmeleri: 3 pages, 0 chunks
  - emanetler: 3 pages, 0 chunks
  - kartlar: 3 pages, 0 chunks
  - kreditler: 3 pages, 0 chunks
  - home: 1 pages, 0 chunks
  - onlayn-xidmetler: 1 pages, 0 chunks

By Language:
  - az: 19 pages, 6 chunks
  - unknown: 1 pages, 0 chunks

Generating verification report...
================================================================================
SCRAPING VERIFICATION & QUALITY REPORT
================================================================================

Base URL: http://bankofbaku.com/az
Date: 2025-10-16 19:14:36
Scraper Version: 2.0 Enhanced

--------------------------------------------------------------------------------
COVERAGE STATISTICS
--------------------------------------------------------------------------------
Total URLs discovered: 61
Total URLs visited: 62
Successfully scraped: 20
Failed URLs: 0
Unvisited URLs: 0
Coverage: 101.6%

--------------------------------------------------------------------------------
CONTENT STATISTICS
--------------------------------------------------------------------------------
Total words extracted: 1,409
Total chunks created: 6
Average words per page: 70
Average chunks per page: 0.3

--------------------------------------------------------------------------------
DATA QUALITY METRICS
--------------------------------------------------------------------------------
Pages with low content (<100 words): 14

Language distribution:
  - az: 19 pages (95.0%)
  - unknown: 1 pages (5.0%)

Unique content hashes: 20

Chunk token distribution:
  - Min: 141
  - Max: 412
  - Avg: 232
  - Target: 512
  - Chunks in optimal range (256-768): 3 (50.0%)

--------------------------------------------------------------------------------
PAGE CATEGORIES
--------------------------------------------------------------------------------
  xeberler: 6 pages
  pul-kocurmeleri: 3 pages
  emanetler: 3 pages
  kartlar: 3 pages
  kreditler: 3 pages
  root: 1 pages
  onlayn-xidmetler: 1 pages

--------------------------------------------------------------------------------
RAG READINESS ASSESSMENT
--------------------------------------------------------------------------------
✓ EXCELLENT Coverage: Over 95% of pages scraped (+30)
⚠ MODERATE Chunk Quality: 50.0% optimal size (+15)
⚠ LOW Volume: Only 20 pages (+5)
⚠ Low content pages detected: 14 (-10)
⚠ MODERATE Data Quality (+10)

--------------------------------------------------------------------------------
OVERALL RAG READINESS SCORE: 60/100
--------------------------------------------------------------------------------
⚠ FAIR - Data is usable but improvements recommended

--------------------------------------------------------------------------------
RECOMMENDATIONS
--------------------------------------------------------------------------------

⚠ Content quality improvement:
  - Review pages with low content
  - Check for blocked/restricted pages
  - Verify page parsing logic

================================================================================

✓ Verification report saved to: scraped_data/verification_report.txt

================================================================================
✓ Scraping complete!
================================================================================

Data is ready for RAG! Check these files:
  - bank_of_baku_chunks.json (recommended for RAG)
  - bank_of_baku_chunks.jsonl (for streaming)
  - chunks_by_category/ (filtered by topic)
  - verification_report.txt (quality assessment)
